Unity Editor version:    2020.3.17f1 (a4537701e4ab)
Branch:                  2020.3/staging
Build type:              Release
Batch mode:              YES
macOS version:           Version 12.5 (Build 21G72)
Darwin version:          21.6.0
Architecture:            x86_64
Running under Rosetta:   YES
Available memory:        16384 MB
Using pre-set license
Pro License: NO

COMMAND LINE ARGUMENTS:
/Applications/Unity/Unity.app/Contents/MacOS/Unity
-adb2
-batchMode
-noUpm
-name
AssetImportWorker0
-projectPath
/Users/shaikha/Desktop/Games and Play/Unity Projects/m1-3d-racing-game
-logFile
Logs/AssetImportWorker0.log
-srvPort
49243
Successfully changed project path to: /Users/shaikha/Desktop/Games and Play/Unity Projects/m1-3d-racing-game
/Users/shaikha/Desktop/Games and Play/Unity Projects/m1-3d-racing-game
Using Asset Import Pipeline V2.
Refreshing native plugins compatible for Editor in 93.50 ms, found 2 plugins.
Preloading 0 native plugins for Editor in 0.00 ms.
Initialize engine version: 2020.3.17f1 (a4537701e4ab)
[Subsystems] Discovering subsystems at path /Applications/Unity/Unity.app/Contents/Resources/UnitySubsystems
[Subsystems] Discovering subsystems at path /Users/shaikha/Desktop/Games and Play/Unity Projects/m1-3d-racing-game/Assets
GfxDevice: creating device client; threaded=0
2023-04-10 11:38:13.987 Unity[1039:11878] (null) preferred device: Apple M1 Pro (high power)
2023-04-10 11:38:13.987 Unity[1039:11878] Metal devices available: 1
2023-04-10 11:38:13.987 Unity[1039:11878] 0: Apple M1 Pro (high power)
2023-04-10 11:38:13.988 Unity[1039:11878] Using device Apple M1 Pro (high power)
Initializing Metal device caps: Apple M1 Pro
Initialize mono
Mono path[0] = '/Applications/Unity/Unity.app/Contents/Managed'
Mono path[1] = '/Applications/Unity/Unity.app/Contents/MonoBleedingEdge/lib/mono/unityjit'
Mono config path = '/Applications/Unity/Unity.app/Contents/MonoBleedingEdge/etc'
Using monoOptions --debugger-agent=transport=dt_socket,embedding=1,server=y,suspend=n,address=127.0.0.1:56039
Begin MonoManager ReloadAssembly
Registering precompiled unity dll's ...
Register platform support module: /Applications/Unity/Unity.app/Contents/PlaybackEngines/MacStandaloneSupport/UnityEditor.OSXStandalone.Extensions.dll
Registered in 0.000362 seconds.
Native extension for OSXStandalone target not found
Refreshing native plugins compatible for Editor in 99.01 ms, found 2 plugins.
Preloading 0 native plugins for Editor in 0.00 ms.
Mono: successfully reloaded assembly
- Completed reload, in  2.362 seconds
Domain Reload Profiling:
	ReloadAssembly (2362ms)
		BeginReloadAssembly (99ms)
			ExecutionOrderSort (0ms)
			DisableScriptedObjects (0ms)
			BackupInstance (0ms)
			ReleaseScriptingObjects (0ms)
			CreateAndSetChildDomain (3ms)
		EndReloadAssembly (1174ms)
			LoadAssemblies (95ms)
			RebuildTransferFunctionScriptingTraits (0ms)
			SetupTypeCache (247ms)
			ReleaseScriptCaches (0ms)
			RebuildScriptCaches (58ms)
			SetupLoadedEditorAssemblies (675ms)
				LogAssemblyErrors (0ms)
				InitializePlatformSupportModulesInManaged (13ms)
				SetLoadedEditorAssemblies (1ms)
				RefreshPlugins (99ms)
				BeforeProcessingInitializeOnLoad (70ms)
				ProcessInitializeOnLoadAttributes (360ms)
				ProcessInitializeOnLoadMethodAttributes (132ms)
				AfterProcessingInitializeOnLoad (0ms)
				EditorAssembliesLoaded (1ms)
			ExecutionOrderSort2 (0ms)
			AwakeInstancesAfterBackupRestoration (0ms)
Platform modules already initialized, skipping
Registering precompiled user dll's ...
Registered in 0.001757 seconds.
Begin MonoManager ReloadAssembly
Native extension for OSXStandalone target not found
Refreshing native plugins compatible for Editor in 97.30 ms, found 2 plugins.
Preloading 0 native plugins for Editor in 0.00 ms.
Mono: successfully reloaded assembly
- Completed reload, in  3.887 seconds
Domain Reload Profiling:
	ReloadAssembly (3889ms)
		BeginReloadAssembly (352ms)
			ExecutionOrderSort (0ms)
			DisableScriptedObjects (40ms)
			BackupInstance (0ms)
			ReleaseScriptingObjects (0ms)
			CreateAndSetChildDomain (53ms)
		EndReloadAssembly (3407ms)
			LoadAssemblies (256ms)
			RebuildTransferFunctionScriptingTraits (0ms)
			SetupTypeCache (599ms)
			ReleaseScriptCaches (1ms)
			RebuildScriptCaches (124ms)
			SetupLoadedEditorAssemblies (2023ms)
				LogAssemblyErrors (0ms)
				InitializePlatformSupportModulesInManaged (13ms)
				SetLoadedEditorAssemblies (1ms)
				RefreshPlugins (97ms)
				BeforeProcessingInitializeOnLoad (263ms)
				ProcessInitializeOnLoadAttributes (1617ms)
				ProcessInitializeOnLoadMethodAttributes (31ms)
				AfterProcessingInitializeOnLoad (1ms)
				EditorAssembliesLoaded (0ms)
			ExecutionOrderSort2 (0ms)
			AwakeInstancesAfterBackupRestoration (39ms)
Platform modules already initialized, skipping
Validating Project structure ... 0.003962 seconds.
Shader import version has changed; will reimport all shaders...
Upgrading shader files ...0.012545 seconds.
Application.AssetDatabase Initial Script Refresh Start
RefreshInfo: InitialScriptRefreshV2(NoUpdateAssetOptions) scanfilter:  ... 1 filters
RefreshProfiler: Total: 0.000ms
Application.AssetDatabase Initial Script Refresh End
Application.AssetDatabase.Refresh Start
Application.AssetDatabase.Refresh End
RefreshInfo: StopAssetImportingV2(ForceSynchronousImport) scanfilter: 
RefreshProfiler: Total: 0.000ms
Launching external process: /Applications/Unity/Unity.app/Contents/Tools/UnityShaderCompiler
Launched and connected shader compiler UnityShaderCompiler after 0.03 seconds
Initializing Unity extensions:
2023-04-10 11:38:31.504 Unity[1039:11878] NSEventModifierFlagFunction specified to -setKeyEquivalentModifierMask: for item <NSMenuItem: 0x7fdb97e755e0 Font Asset, ke='Command-F12'>, but is only supported for system-provided menu items; will not be used
2023-04-10 11:38:31.510 Unity[1039:11878] NSEventModifierFlagFunction specified to -setKeyEquivalentModifierMask: for item <NSMenuItem: 0x7fdb97ed5c20 Font Asset, ke='Command-F12'>, but is only supported for system-provided menu items; will not be used
========================================================================
Worker process is ready to serve import requests
Refreshing native plugins compatible for Editor in 0.78 ms, found 2 plugins.
Preloading 0 native plugins for Editor in 0.00 ms.
Unloading 4007 Unused Serialized files (Serialized files now loaded: 0)
System memory in use before: 346.0 MB.
System memory in use after: 339.6 MB.

Unloading 301 unused Assets to reduce memory usage. Loaded Objects now: 4404.
Total: 4.922541 ms (FindLiveObjects: 0.259708 ms CreateObjectMapping: 0.128458 ms MarkObjects: 3.076958 ms  DeleteObjects: 1.455916 ms)

AssetImportParameters requested are different than current active one (requested -> active):
  custom:video-decoder-ogg-theora: a1e56fd34408186e4bbccfd4996cb3dc -> 
  custom:container-muxer-webm: aa71ff27fc2769a1b78a27578f13a17b -> 
  custom:container-demuxer-webm: 4f35f7cbe854078d1ac9338744f61a02 -> 
  custom:container-demuxer-ogg: 62fdf1f143b41e24485cea50d1cbac27 -> 
  custom:video-encoder-webm-vp8: eb34c28f22e8b96e1ab97ce403110664 -> 
  custom:framework-osx-AVFoundation: e770b220cccbd017edd2c1fefb359320 -> 
  custom:video-decoder-webm-vp8: 9c59270c3fd7afecdb556c50c9e8de78 -> 
  custom:audio-decoder-ogg-vorbis: bf7c407c2cedff20999df2af8eb42d56 -> 
  custom:audio-encoder-webm-vorbis: bf7c407c2cedff20999df2af8eb42d56 -> 
========================================================================
Received Import Request.
  path: Assets
  artifactKey: Guid(00000000000000001000000000000000) Importer(815301076,1909f56bfc062723c751e8b465ee728b)
Start importing Assets using Guid(00000000000000001000000000000000) Importer(815301076,1909f56bfc062723c751e8b465ee728b)  -> (artifact id: '42d402b061de3733987d63b9cc3b64de') in 0.010339 seconds 
  Import took 0.017830 seconds .

========================================================================
Received Import Request.
  Time since last request: 0.001035 seconds.
  path: Assets/New Terrain.asset
  artifactKey: Guid(8c61ca647f77642dba3b142d87606d0e) Importer(815301076,1909f56bfc062723c751e8b465ee728b)
Start importing Assets/New Terrain.asset using Guid(8c61ca647f77642dba3b142d87606d0e) Importer(815301076,1909f56bfc062723c751e8b465ee728b)  -> (artifact id: 'ffc9dffc262118c71c1881551f387f2b') in 0.764712 seconds 
  Import took 0.770802 seconds .

========================================================================
Received Prepare
Registering precompiled user dll's ...
Registered in 0.004770 seconds.
Begin MonoManager ReloadAssembly
Native extension for OSXStandalone target not found
Refreshing native plugins compatible for Editor in 0.86 ms, found 2 plugins.
Preloading 0 native plugins for Editor in 0.00 ms.
2023-04-10 11:45:36.621 Unity[1039:11878] NSEventModifierFlagFunction specified to -setKeyEquivalentModifierMask: for item <NSMenuItem: 0x7fdb97ed4e00 Font Asset, ke='Command-F12'>, but is only supported for system-provided menu items; will not be used
Mono: successfully reloaded assembly
- Completed reload, in  3.774 seconds
Domain Reload Profiling:
	ReloadAssembly (3775ms)
		BeginReloadAssembly (282ms)
			ExecutionOrderSort (0ms)
			DisableScriptedObjects (34ms)
			BackupInstance (0ms)
			ReleaseScriptingObjects (0ms)
			CreateAndSetChildDomain (114ms)
		EndReloadAssembly (3375ms)
			LoadAssemblies (239ms)
			RebuildTransferFunctionScriptingTraits (0ms)
			SetupTypeCache (575ms)
			ReleaseScriptCaches (2ms)
			RebuildScriptCaches (110ms)
			SetupLoadedEditorAssemblies (1975ms)
				LogAssemblyErrors (0ms)
				InitializePlatformSupportModulesInManaged (14ms)
				SetLoadedEditorAssemblies (1ms)
				RefreshPlugins (2ms)
				BeforeProcessingInitializeOnLoad (345ms)
				ProcessInitializeOnLoadAttributes (1578ms)
				ProcessInitializeOnLoadMethodAttributes (33ms)
				AfterProcessingInitializeOnLoad (1ms)
				EditorAssembliesLoaded (0ms)
			ExecutionOrderSort2 (0ms)
			AwakeInstancesAfterBackupRestoration (41ms)
Platform modules already initialized, skipping
Refreshing native plugins compatible for Editor in 0.80 ms, found 2 plugins.
Preloading 0 native plugins for Editor in 0.00 ms.
Unloading 3810 Unused Serialized files (Serialized files now loaded: 0)
System memory in use before: 326.1 MB.
System memory in use after: 325.7 MB.

Unloading 23 unused Assets to reduce memory usage. Loaded Objects now: 4416.
Total: 3.889125 ms (FindLiveObjects: 0.263042 ms CreateObjectMapping: 0.115292 ms MarkObjects: 3.030792 ms  DeleteObjects: 0.479125 ms)

AssetImportParameters requested are different than current active one (requested -> active):
  custom:video-decoder-ogg-theora: a1e56fd34408186e4bbccfd4996cb3dc -> 
  custom:container-muxer-webm: aa71ff27fc2769a1b78a27578f13a17b -> 
  custom:container-demuxer-webm: 4f35f7cbe854078d1ac9338744f61a02 -> 
  custom:container-demuxer-ogg: 62fdf1f143b41e24485cea50d1cbac27 -> 
  custom:video-encoder-webm-vp8: eb34c28f22e8b96e1ab97ce403110664 -> 
  custom:framework-osx-AVFoundation: e770b220cccbd017edd2c1fefb359320 -> 
  custom:video-decoder-webm-vp8: 9c59270c3fd7afecdb556c50c9e8de78 -> 
  custom:audio-decoder-ogg-vorbis: bf7c407c2cedff20999df2af8eb42d56 -> 
  custom:audio-encoder-webm-vorbis: bf7c407c2cedff20999df2af8eb42d56 -> 
========================================================================
Received Import Request.
  Time since last request: 436.368574 seconds.
  path: Assets/Fantasy Forest Environment Free Sample/PostProcessing Profile.asset
  artifactKey: Guid(84e004e54aa75074885db0856eedb697) Importer(815301076,1909f56bfc062723c751e8b465ee728b)
Start importing Assets/Fantasy Forest Environment Free Sample/PostProcessing Profile.asset using Guid(84e004e54aa75074885db0856eedb697) Importer(815301076,1909f56bfc062723c751e8b465ee728b)  -> (artifact id: '810decc7507897804d85d8dd5d5ff6f7') in 0.010979 seconds 
  Import took 0.018055 seconds .

========================================================================
Received Import Request.
  Time since last request: 1.205578 seconds.
  path: Assets/RCK 2.3/Pivot.png
  artifactKey: Guid(baa813e7806e8234db1321ac0cd75a2d) Importer(815301076,1909f56bfc062723c751e8b465ee728b)
Start importing Assets/RCK 2.3/Pivot.png using Guid(baa813e7806e8234db1321ac0cd75a2d) Importer(815301076,1909f56bfc062723c751e8b465ee728b)  -> (artifact id: '47e328a8c374589a24621522a5e691a8') in 0.754358 seconds 
  Import took 0.761228 seconds .

========================================================================
Received Import Request.
  Time since last request: 3.414637 seconds.
  path: Assets/RCK 2.3/Models
  artifactKey: Guid(739e18eb4aba92f49b7f431478ab91a0) Importer(815301076,1909f56bfc062723c751e8b465ee728b)
Start importing Assets/RCK 2.3/Models using Guid(739e18eb4aba92f49b7f431478ab91a0) Importer(815301076,1909f56bfc062723c751e8b465ee728b)  -> (artifact id: 'ed70d770a8bef27188adf7b40310f79e') in 0.000875 seconds 
  Import took 0.006855 seconds .

========================================================================
Received Import Request.
  Time since last request: 0.049952 seconds.
  path: Assets/RCK 2.3/Models
  artifactKey: Guid(739e18eb4aba92f49b7f431478ab91a0) Importer(815301076,1909f56bfc062723c751e8b465ee728b)
Start importing Assets/RCK 2.3/Models using Guid(739e18eb4aba92f49b7f431478ab91a0) Importer(815301076,1909f56bfc062723c751e8b465ee728b)  -> (artifact id: 'ed70d770a8bef27188adf7b40310f79e') in 0.001108 seconds 
  Import took 0.006904 seconds .

========================================================================
Received Import Request.
  Time since last request: 5.187555 seconds.
  path: Assets/RCK 2.3/GUIs
  artifactKey: Guid(c7cbc8300e5dfb54aaa1c3fe74e1ec41) Importer(815301076,1909f56bfc062723c751e8b465ee728b)
Start importing Assets/RCK 2.3/GUIs using Guid(c7cbc8300e5dfb54aaa1c3fe74e1ec41) Importer(815301076,1909f56bfc062723c751e8b465ee728b)  -> (artifact id: '6616c8f14aeb1a7af14d63dd69733d36') in 0.001032 seconds 
  Import took 0.007772 seconds .

========================================================================
Received Import Request.
  Time since last request: 3.014071 seconds.
  path: Assets/RCK 2.3/Models/Vahicles
  artifactKey: Guid(3286cee2f6526f8499a0420c08a65cf3) Importer(815301076,1909f56bfc062723c751e8b465ee728b)
Start importing Assets/RCK 2.3/Models/Vahicles using Guid(3286cee2f6526f8499a0420c08a65cf3) Importer(815301076,1909f56bfc062723c751e8b465ee728b)  -> (artifact id: '4dcae6deec8129bf0542bfa8cdd2f901') in 0.001123 seconds 
  Import took 0.007790 seconds .

========================================================================
Received Import Request.
  Time since last request: 1.960571 seconds.
  path: Assets/RCK 2.3/Models/Vahicles/RallyCar
  artifactKey: Guid(475d3accf0856f446a473a69f12cc66b) Importer(815301076,1909f56bfc062723c751e8b465ee728b)
Start importing Assets/RCK 2.3/Models/Vahicles/RallyCar using Guid(475d3accf0856f446a473a69f12cc66b) Importer(815301076,1909f56bfc062723c751e8b465ee728b)  -> (artifact id: '63aaa8905e83fd9447fcb231a101e840') in 0.001268 seconds 
  Import took 0.007610 seconds .

========================================================================
Received Import Request.
  Time since last request: 0.047407 seconds.
  path: Assets/RCK 2.3/Models/Vahicles/RallyCar/RallyCar.FBX
  artifactKey: Guid(52f8a9226e9a0fd459fbbf5d5106632f) Importer(815301076,1909f56bfc062723c751e8b465ee728b)
Start importing Assets/RCK 2.3/Models/Vahicles/RallyCar/RallyCar.FBX using Guid(52f8a9226e9a0fd459fbbf5d5106632f) Importer(815301076,1909f56bfc062723c751e8b465ee728b)  -> (artifact id: '3f063ac217b6ca8cc6ff6a3c17e9b24b') in 1.055587 seconds 
  Import took 1.062455 seconds .

========================================================================
Received Import Request.
  Time since last request: 53.527949 seconds.
  path: Assets/RCK 2.3/Scripts
  artifactKey: Guid(74ebf87bb9663244d99c619128eb0498) Importer(815301076,1909f56bfc062723c751e8b465ee728b)
Start importing Assets/RCK 2.3/Scripts using Guid(74ebf87bb9663244d99c619128eb0498) Importer(815301076,1909f56bfc062723c751e8b465ee728b)  -> (artifact id: 'b1b2de41b8377ee6ac452984e0ee41fb') in 0.000938 seconds 
  Import took 0.006716 seconds .

========================================================================
Received Import Request.
  Time since last request: 2.670871 seconds.
  path: Assets/RCK 2.3/Scripts/VehicleCamera.cs
  artifactKey: Guid(e428cb16ea4f48e4883c49d7ec227b21) Importer(815301076,1909f56bfc062723c751e8b465ee728b)
Start importing Assets/RCK 2.3/Scripts/VehicleCamera.cs using Guid(e428cb16ea4f48e4883c49d7ec227b21) Importer(815301076,1909f56bfc062723c751e8b465ee728b)  -> (artifact id: '1b5d9af6369c0fe923ce7d396c6618f2') in 0.205124 seconds 
  Import took 0.211383 seconds .

========================================================================
Received Import Request.
  Time since last request: 1.425605 seconds.
  path: Assets/RCK 2.3/Scripts/VehicleControl.cs
  artifactKey: Guid(00030e199cdd9934dbd15380a1bcabab) Importer(815301076,1909f56bfc062723c751e8b465ee728b)
Start importing Assets/RCK 2.3/Scripts/VehicleControl.cs using Guid(00030e199cdd9934dbd15380a1bcabab) Importer(815301076,1909f56bfc062723c751e8b465ee728b)  -> (artifact id: 'bf6b3d36affd707da77e972ad72554e9') in 0.001415 seconds 
  Import took 0.007597 seconds .

========================================================================
Received Prepare
Registering precompiled user dll's ...
Registered in 0.003895 seconds.
Begin MonoManager ReloadAssembly
Native extension for OSXStandalone target not found
Refreshing native plugins compatible for Editor in 0.84 ms, found 2 plugins.
Preloading 0 native plugins for Editor in 0.00 ms.
2023-04-10 11:49:08.504 Unity[1039:11878] NSEventModifierFlagFunction specified to -setKeyEquivalentModifierMask: for item <NSMenuItem: 0x7fdba79bb060 Font Asset, ke='Command-F12'>, but is only supported for system-provided menu items; will not be used
Mono: successfully reloaded assembly
- Completed reload, in  3.863 seconds
Domain Reload Profiling:
	ReloadAssembly (3864ms)
		BeginReloadAssembly (297ms)
			ExecutionOrderSort (0ms)
			DisableScriptedObjects (36ms)
			BackupInstance (0ms)
			ReleaseScriptingObjects (0ms)
			CreateAndSetChildDomain (126ms)
		EndReloadAssembly (3442ms)
			LoadAssemblies (229ms)
			RebuildTransferFunctionScriptingTraits (0ms)
			SetupTypeCache (575ms)
			ReleaseScriptCaches (2ms)
			RebuildScriptCaches (105ms)
			SetupLoadedEditorAssemblies (2045ms)
				LogAssemblyErrors (0ms)
				InitializePlatformSupportModulesInManaged (14ms)
				SetLoadedEditorAssemblies (2ms)
				RefreshPlugins (1ms)
				BeforeProcessingInitializeOnLoad (345ms)
				ProcessInitializeOnLoadAttributes (1650ms)
				ProcessInitializeOnLoadMethodAttributes (32ms)
				AfterProcessingInitializeOnLoad (1ms)
				EditorAssembliesLoaded (0ms)
			ExecutionOrderSort2 (0ms)
			AwakeInstancesAfterBackupRestoration (41ms)
Platform modules already initialized, skipping
Refreshing native plugins compatible for Editor in 0.81 ms, found 2 plugins.
Preloading 0 native plugins for Editor in 0.00 ms.
Unloading 3810 Unused Serialized files (Serialized files now loaded: 0)
System memory in use before: 340.0 MB.
System memory in use after: 339.6 MB.

Unloading 22 unused Assets to reduce memory usage. Loaded Objects now: 4429.
Total: 4.055084 ms (FindLiveObjects: 0.277500 ms CreateObjectMapping: 0.118125 ms MarkObjects: 3.122667 ms  DeleteObjects: 0.535625 ms)

AssetImportParameters requested are different than current active one (requested -> active):
  custom:video-decoder-ogg-theora: a1e56fd34408186e4bbccfd4996cb3dc -> 
  custom:container-muxer-webm: aa71ff27fc2769a1b78a27578f13a17b -> 
  custom:container-demuxer-webm: 4f35f7cbe854078d1ac9338744f61a02 -> 
  custom:container-demuxer-ogg: 62fdf1f143b41e24485cea50d1cbac27 -> 
  custom:video-encoder-webm-vp8: eb34c28f22e8b96e1ab97ce403110664 -> 
  custom:framework-osx-AVFoundation: e770b220cccbd017edd2c1fefb359320 -> 
  custom:video-decoder-webm-vp8: 9c59270c3fd7afecdb556c50c9e8de78 -> 
  custom:audio-decoder-ogg-vorbis: bf7c407c2cedff20999df2af8eb42d56 -> 
  custom:audio-encoder-webm-vorbis: bf7c407c2cedff20999df2af8eb42d56 -> 
========================================================================
Received Prepare
Registering precompiled user dll's ...
Registered in 0.002751 seconds.
Begin MonoManager ReloadAssembly
Native extension for OSXStandalone target not found
Refreshing native plugins compatible for Editor in 0.97 ms, found 2 plugins.
Preloading 0 native plugins for Editor in 0.00 ms.
2023-04-10 11:52:12.651 Unity[1039:11878] NSEventModifierFlagFunction specified to -setKeyEquivalentModifierMask: for item <NSMenuItem: 0x7fdb97c41720 Font Asset, ke='Command-F12'>, but is only supported for system-provided menu items; will not be used
Mono: successfully reloaded assembly
- Completed reload, in  3.910 seconds
Domain Reload Profiling:
	ReloadAssembly (3911ms)
		BeginReloadAssembly (297ms)
			ExecutionOrderSort (0ms)
			DisableScriptedObjects (39ms)
			BackupInstance (0ms)
			ReleaseScriptingObjects (0ms)
			CreateAndSetChildDomain (123ms)
		EndReloadAssembly (3485ms)
			LoadAssemblies (239ms)
			RebuildTransferFunctionScriptingTraits (0ms)
			SetupTypeCache (607ms)
			ReleaseScriptCaches (2ms)
			RebuildScriptCaches (109ms)
			SetupLoadedEditorAssemblies (2056ms)
				LogAssemblyErrors (0ms)
				InitializePlatformSupportModulesInManaged (15ms)
				SetLoadedEditorAssemblies (1ms)
				RefreshPlugins (1ms)
				BeforeProcessingInitializeOnLoad (357ms)
				ProcessInitializeOnLoadAttributes (1649ms)
				ProcessInitializeOnLoadMethodAttributes (31ms)
				AfterProcessingInitializeOnLoad (1ms)
				EditorAssembliesLoaded (0ms)
			ExecutionOrderSort2 (0ms)
			AwakeInstancesAfterBackupRestoration (39ms)
Platform modules already initialized, skipping
Refreshing native plugins compatible for Editor in 0.82 ms, found 2 plugins.
Preloading 0 native plugins for Editor in 0.00 ms.
Unloading 3814 Unused Serialized files (Serialized files now loaded: 0)
System memory in use before: 340.5 MB.
System memory in use after: 340.1 MB.

Unloading 22 unused Assets to reduce memory usage. Loaded Objects now: 4435.
Total: 3.919209 ms (FindLiveObjects: 0.275833 ms CreateObjectMapping: 0.119833 ms MarkObjects: 3.022417 ms  DeleteObjects: 0.500208 ms)

AssetImportParameters requested are different than current active one (requested -> active):
  custom:video-decoder-ogg-theora: a1e56fd34408186e4bbccfd4996cb3dc -> 
  custom:container-muxer-webm: aa71ff27fc2769a1b78a27578f13a17b -> 
  custom:container-demuxer-webm: 4f35f7cbe854078d1ac9338744f61a02 -> 
  custom:container-demuxer-ogg: 62fdf1f143b41e24485cea50d1cbac27 -> 
  custom:video-encoder-webm-vp8: eb34c28f22e8b96e1ab97ce403110664 -> 
  custom:framework-osx-AVFoundation: e770b220cccbd017edd2c1fefb359320 -> 
  custom:video-decoder-webm-vp8: 9c59270c3fd7afecdb556c50c9e8de78 -> 
  custom:audio-decoder-ogg-vorbis: bf7c407c2cedff20999df2af8eb42d56 -> 
  custom:audio-encoder-webm-vorbis: bf7c407c2cedff20999df2af8eb42d56 -> 
========================================================================
Received Import Request.
  Time since last request: 327.181785 seconds.
  path: Assets/PROMETEO - Car Controller/Editor
  artifactKey: Guid(37cfaa076412c9048b464abd56e3796d) Importer(815301076,1909f56bfc062723c751e8b465ee728b)
Start importing Assets/PROMETEO - Car Controller/Editor using Guid(37cfaa076412c9048b464abd56e3796d) Importer(815301076,1909f56bfc062723c751e8b465ee728b)  -> (artifact id: '4fb461c6b2b0850e131dd98e42df4af4') in 0.008004 seconds 
  Import took 0.014541 seconds .

========================================================================
Received Import Request.
  Time since last request: 3.022550 seconds.
  path: Assets/PROMETEO - Car Controller/Prefabs
  artifactKey: Guid(a8fd3b6af68cc1042a5c84e0e464b46b) Importer(815301076,1909f56bfc062723c751e8b465ee728b)
Start importing Assets/PROMETEO - Car Controller/Prefabs using Guid(a8fd3b6af68cc1042a5c84e0e464b46b) Importer(815301076,1909f56bfc062723c751e8b465ee728b)  -> (artifact id: '8ba08fedb8fa8f732b72ebb33879963f') in 0.001199 seconds 
  Import took 0.007958 seconds .

========================================================================
Received Import Request.
  Time since last request: 0.040374 seconds.
  path: Assets/PROMETEO - Car Controller/Prefabs/Button Template.prefab
  artifactKey: Guid(ba7adce0955ba9047b407c0d6b28fdd1) Importer(815301076,1909f56bfc062723c751e8b465ee728b)
Start importing Assets/PROMETEO - Car Controller/Prefabs/Button Template.prefab using Guid(ba7adce0955ba9047b407c0d6b28fdd1) Importer(815301076,1909f56bfc062723c751e8b465ee728b)  -> (artifact id: 'fc295a5c1aaeae792f6cd2723d6b1f22') in 0.139994 seconds 
  Import took 0.146622 seconds .

========================================================================
Received Import Request.
  Time since last request: 0.002104 seconds.
  path: Assets/PROMETEO - Car Controller/Prefabs/Prometheus.prefab
  artifactKey: Guid(79d0ca8b77e301442afdb49f102e8aed) Importer(815301076,1909f56bfc062723c751e8b465ee728b)
Start importing Assets/PROMETEO - Car Controller/Prefabs/Prometheus.prefab using Guid(79d0ca8b77e301442afdb49f102e8aed) Importer(815301076,1909f56bfc062723c751e8b465ee728b)  -> (artifact id: 'bd89eec882466515377c8957da265d47') in 0.312373 seconds 
  Import took 0.318476 seconds .

========================================================================
Received Prepare
Registering precompiled user dll's ...
Registered in 0.006079 seconds.
Begin MonoManager ReloadAssembly
Native extension for OSXStandalone target not found
Refreshing native plugins compatible for Editor in 0.92 ms, found 2 plugins.
Preloading 0 native plugins for Editor in 0.00 ms.
2023-04-10 11:55:16.960 Unity[1039:11878] NSEventModifierFlagFunction specified to -setKeyEquivalentModifierMask: for item <NSMenuItem: 0x7fdb97debf90 Font Asset, ke='Command-F12'>, but is only supported for system-provided menu items; will not be used
Mono: successfully reloaded assembly
- Completed reload, in  3.882 seconds
Domain Reload Profiling:
	ReloadAssembly (3883ms)
		BeginReloadAssembly (294ms)
			ExecutionOrderSort (0ms)
			DisableScriptedObjects (38ms)
			BackupInstance (0ms)
			ReleaseScriptingObjects (0ms)
			CreateAndSetChildDomain (123ms)
		EndReloadAssembly (3467ms)
			LoadAssemblies (241ms)
			RebuildTransferFunctionScriptingTraits (0ms)
			SetupTypeCache (593ms)
			ReleaseScriptCaches (2ms)
			RebuildScriptCaches (105ms)
			SetupLoadedEditorAssemblies (2053ms)
				LogAssemblyErrors (0ms)
				InitializePlatformSupportModulesInManaged (15ms)
				SetLoadedEditorAssemblies (2ms)
				RefreshPlugins (1ms)
				BeforeProcessingInitializeOnLoad (345ms)
				ProcessInitializeOnLoadAttributes (1658ms)
				ProcessInitializeOnLoadMethodAttributes (32ms)
				AfterProcessingInitializeOnLoad (1ms)
				EditorAssembliesLoaded (0ms)
			ExecutionOrderSort2 (0ms)
			AwakeInstancesAfterBackupRestoration (41ms)
Platform modules already initialized, skipping
Refreshing native plugins compatible for Editor in 0.82 ms, found 2 plugins.
Preloading 0 native plugins for Editor in 0.00 ms.
Unloading 3814 Unused Serialized files (Serialized files now loaded: 0)
System memory in use before: 345.0 MB.
System memory in use after: 344.7 MB.

Unloading 22 unused Assets to reduce memory usage. Loaded Objects now: 4439.
Total: 4.014250 ms (FindLiveObjects: 0.311375 ms CreateObjectMapping: 0.120000 ms MarkObjects: 3.061791 ms  DeleteObjects: 0.519958 ms)

AssetImportParameters requested are different than current active one (requested -> active):
  custom:video-decoder-ogg-theora: a1e56fd34408186e4bbccfd4996cb3dc -> 
  custom:container-muxer-webm: aa71ff27fc2769a1b78a27578f13a17b -> 
  custom:container-demuxer-webm: 4f35f7cbe854078d1ac9338744f61a02 -> 
  custom:container-demuxer-ogg: 62fdf1f143b41e24485cea50d1cbac27 -> 
  custom:video-encoder-webm-vp8: eb34c28f22e8b96e1ab97ce403110664 -> 
  custom:framework-osx-AVFoundation: e770b220cccbd017edd2c1fefb359320 -> 
  custom:video-decoder-webm-vp8: 9c59270c3fd7afecdb556c50c9e8de78 -> 
  custom:audio-decoder-ogg-vorbis: bf7c407c2cedff20999df2af8eb42d56 -> 
  custom:audio-encoder-webm-vorbis: bf7c407c2cedff20999df2af8eb42d56 -> 
========================================================================
Received Prepare
Registering precompiled user dll's ...
Registered in 0.003867 seconds.
Begin MonoManager ReloadAssembly
Native extension for OSXStandalone target not found
Refreshing native plugins compatible for Editor in 0.84 ms, found 2 plugins.
Preloading 0 native plugins for Editor in 0.00 ms.
2023-04-10 12:00:52.894 Unity[1039:11878] NSEventModifierFlagFunction specified to -setKeyEquivalentModifierMask: for item <NSMenuItem: 0x7fdbb689d1f0 Font Asset, ke='Command-F12'>, but is only supported for system-provided menu items; will not be used
Mono: successfully reloaded assembly
- Completed reload, in  3.829 seconds
Domain Reload Profiling:
	ReloadAssembly (3830ms)
		BeginReloadAssembly (299ms)
			ExecutionOrderSort (0ms)
			DisableScriptedObjects (38ms)
			BackupInstance (0ms)
			ReleaseScriptingObjects (0ms)
			CreateAndSetChildDomain (125ms)
		EndReloadAssembly (3411ms)
			LoadAssemblies (236ms)
			RebuildTransferFunctionScriptingTraits (0ms)
			SetupTypeCache (574ms)
			ReleaseScriptCaches (2ms)
			RebuildScriptCaches (111ms)
			SetupLoadedEditorAssemblies (2019ms)
				LogAssemblyErrors (0ms)
				InitializePlatformSupportModulesInManaged (14ms)
				SetLoadedEditorAssemblies (1ms)
				RefreshPlugins (1ms)
				BeforeProcessingInitializeOnLoad (354ms)
				ProcessInitializeOnLoadAttributes (1616ms)
				ProcessInitializeOnLoadMethodAttributes (32ms)
				AfterProcessingInitializeOnLoad (1ms)
				EditorAssembliesLoaded (0ms)
			ExecutionOrderSort2 (0ms)
			AwakeInstancesAfterBackupRestoration (41ms)
Platform modules already initialized, skipping
Refreshing native plugins compatible for Editor in 0.84 ms, found 2 plugins.
Preloading 0 native plugins for Editor in 0.00 ms.
Unloading 3814 Unused Serialized files (Serialized files now loaded: 0)
System memory in use before: 345.3 MB.
System memory in use after: 344.9 MB.

Unloading 22 unused Assets to reduce memory usage. Loaded Objects now: 4441.
Total: 4.117000 ms (FindLiveObjects: 0.257542 ms CreateObjectMapping: 0.125375 ms MarkObjects: 3.124000 ms  DeleteObjects: 0.608250 ms)

AssetImportParameters requested are different than current active one (requested -> active):
  custom:video-decoder-ogg-theora: a1e56fd34408186e4bbccfd4996cb3dc -> 
  custom:container-muxer-webm: aa71ff27fc2769a1b78a27578f13a17b -> 
  custom:container-demuxer-webm: 4f35f7cbe854078d1ac9338744f61a02 -> 
  custom:container-demuxer-ogg: 62fdf1f143b41e24485cea50d1cbac27 -> 
  custom:video-encoder-webm-vp8: eb34c28f22e8b96e1ab97ce403110664 -> 
  custom:framework-osx-AVFoundation: e770b220cccbd017edd2c1fefb359320 -> 
  custom:video-decoder-webm-vp8: 9c59270c3fd7afecdb556c50c9e8de78 -> 
  custom:audio-decoder-ogg-vorbis: bf7c407c2cedff20999df2af8eb42d56 -> 
  custom:audio-encoder-webm-vorbis: bf7c407c2cedff20999df2af8eb42d56 -> 
========================================================================
Received Import Request.
  Time since last request: 578.492527 seconds.
  path: Assets/PROMETEO - Car Controller/Scenes
  artifactKey: Guid(3c6489f37c0550f42ba9141718064fee) Importer(815301076,1909f56bfc062723c751e8b465ee728b)
Start importing Assets/PROMETEO - Car Controller/Scenes using Guid(3c6489f37c0550f42ba9141718064fee) Importer(815301076,1909f56bfc062723c751e8b465ee728b)  -> (artifact id: '854592cad8f230a64fe08349d32c73c3') in 0.008932 seconds 
  Import took 0.015383 seconds .

========================================================================
Received Import Request.
  Time since last request: 5.506862 seconds.
  path: Assets/PROMETEO - Car Controller/Scenes/Demo.unity
  artifactKey: Guid(d05c07244ed6a3740be3bdad186521e6) Importer(815301076,1909f56bfc062723c751e8b465ee728b)
Start importing Assets/PROMETEO - Car Controller/Scenes/Demo.unity using Guid(d05c07244ed6a3740be3bdad186521e6) Importer(815301076,1909f56bfc062723c751e8b465ee728b)  -> (artifact id: 'c00556f1a1672739b304e9f613ffa675') in 0.014932 seconds 
  Import took 0.021937 seconds .

========================================================================
Received Import Request.
  Time since last request: 0.000525 seconds.
  path: Assets/PROMETEO - Car Controller/Scenes/Demo.unity
  artifactKey: Guid(d05c07244ed6a3740be3bdad186521e6) Importer(815301076,1909f56bfc062723c751e8b465ee728b)
Start importing Assets/PROMETEO - Car Controller/Scenes/Demo.unity using Guid(d05c07244ed6a3740be3bdad186521e6) Importer(815301076,1909f56bfc062723c751e8b465ee728b)  -> (artifact id: 'c00556f1a1672739b304e9f613ffa675') in 0.001498 seconds 
  Import took 0.007699 seconds .

========================================================================
Received Import Request.
  Time since last request: 65.571687 seconds.
  path: Assets/Scenes/SampleScene.unity
  artifactKey: Guid(9fc0d4010bbf28b4594072e72b8655ab) Importer(815301076,1909f56bfc062723c751e8b465ee728b)
Start importing Assets/Scenes/SampleScene.unity using Guid(9fc0d4010bbf28b4594072e72b8655ab) Importer(815301076,1909f56bfc062723c751e8b465ee728b)  -> (artifact id: 'debc58284f29f5117683d577b15ffbfb') in 0.002200 seconds 
  Import took 0.008774 seconds .

========================================================================
Received Prepare
Registering precompiled user dll's ...
Registered in 0.003930 seconds.
Begin MonoManager ReloadAssembly
Native extension for OSXStandalone target not found
Refreshing native plugins compatible for Editor in 0.83 ms, found 2 plugins.
Preloading 0 native plugins for Editor in 0.00 ms.
2023-04-10 12:04:52.740 Unity[1039:11878] NSEventModifierFlagFunction specified to -setKeyEquivalentModifierMask: for item <NSMenuItem: 0x7fdba68dfe60 Font Asset, ke='Command-F12'>, but is only supported for system-provided menu items; will not be used
Mono: successfully reloaded assembly
- Completed reload, in  3.714 seconds
Domain Reload Profiling:
	ReloadAssembly (3714ms)
		BeginReloadAssembly (279ms)
			ExecutionOrderSort (0ms)
			DisableScriptedObjects (36ms)
			BackupInstance (0ms)
			ReleaseScriptingObjects (0ms)
			CreateAndSetChildDomain (118ms)
		EndReloadAssembly (3317ms)
			LoadAssemblies (215ms)
			RebuildTransferFunctionScriptingTraits (0ms)
			SetupTypeCache (571ms)
			ReleaseScriptCaches (2ms)
			RebuildScriptCaches (106ms)
			SetupLoadedEditorAssemblies (1960ms)
				LogAssemblyErrors (0ms)
				InitializePlatformSupportModulesInManaged (14ms)
				SetLoadedEditorAssemblies (1ms)
				RefreshPlugins (1ms)
				BeforeProcessingInitializeOnLoad (347ms)
				ProcessInitializeOnLoadAttributes (1565ms)
				ProcessInitializeOnLoadMethodAttributes (30ms)
				AfterProcessingInitializeOnLoad (1ms)
				EditorAssembliesLoaded (0ms)
			ExecutionOrderSort2 (0ms)
			AwakeInstancesAfterBackupRestoration (42ms)
Platform modules already initialized, skipping
Refreshing native plugins compatible for Editor in 0.80 ms, found 2 plugins.
Preloading 0 native plugins for Editor in 0.00 ms.
Unloading 3814 Unused Serialized files (Serialized files now loaded: 0)
System memory in use before: 345.6 MB.
System memory in use after: 345.2 MB.

Unloading 22 unused Assets to reduce memory usage. Loaded Objects now: 4443.
Total: 3.994459 ms (FindLiveObjects: 0.263292 ms CreateObjectMapping: 0.121583 ms MarkObjects: 3.083791 ms  DeleteObjects: 0.524875 ms)

AssetImportParameters requested are different than current active one (requested -> active):
  custom:video-decoder-ogg-theora: a1e56fd34408186e4bbccfd4996cb3dc -> 
  custom:container-muxer-webm: aa71ff27fc2769a1b78a27578f13a17b -> 
  custom:container-demuxer-webm: 4f35f7cbe854078d1ac9338744f61a02 -> 
  custom:container-demuxer-ogg: 62fdf1f143b41e24485cea50d1cbac27 -> 
  custom:video-encoder-webm-vp8: eb34c28f22e8b96e1ab97ce403110664 -> 
  custom:framework-osx-AVFoundation: e770b220cccbd017edd2c1fefb359320 -> 
  custom:video-decoder-webm-vp8: 9c59270c3fd7afecdb556c50c9e8de78 -> 
  custom:audio-decoder-ogg-vorbis: bf7c407c2cedff20999df2af8eb42d56 -> 
  custom:audio-encoder-webm-vorbis: bf7c407c2cedff20999df2af8eb42d56 -> 
========================================================================
Received Import Request.
  Time since last request: 770.033977 seconds.
  path: Assets/Scenes
  artifactKey: Guid(fc0e7516a0da34159a86e69f61637625) Importer(815301076,1909f56bfc062723c751e8b465ee728b)
Start importing Assets/Scenes using Guid(fc0e7516a0da34159a86e69f61637625) Importer(815301076,1909f56bfc062723c751e8b465ee728b)  -> (artifact id: '26812b42a6155bb7c29fb03ae3708c24') in 0.013262 seconds 
  Import took 0.025803 seconds .

========================================================================
Received Prepare
Registering precompiled user dll's ...
Registered in 0.004925 seconds.
Begin MonoManager ReloadAssembly
Native extension for OSXStandalone target not found
Refreshing native plugins compatible for Editor in 0.89 ms, found 2 plugins.
Preloading 0 native plugins for Editor in 0.00 ms.
2023-04-10 12:16:52.249 Unity[1039:11878] NSEventModifierFlagFunction specified to -setKeyEquivalentModifierMask: for item <NSMenuItem: 0x7fdba68deb70 Font Asset, ke='Command-F12'>, but is only supported for system-provided menu items; will not be used
Mono: successfully reloaded assembly
- Completed reload, in  3.893 seconds
Domain Reload Profiling:
	ReloadAssembly (3894ms)
		BeginReloadAssembly (321ms)
			ExecutionOrderSort (0ms)
			DisableScriptedObjects (35ms)
			BackupInstance (0ms)
			ReleaseScriptingObjects (0ms)
			CreateAndSetChildDomain (144ms)
		EndReloadAssembly (3445ms)
			LoadAssemblies (251ms)
			RebuildTransferFunctionScriptingTraits (0ms)
			SetupTypeCache (596ms)
			ReleaseScriptCaches (2ms)
			RebuildScriptCaches (112ms)
			SetupLoadedEditorAssemblies (2012ms)
				LogAssemblyErrors (0ms)
				InitializePlatformSupportModulesInManaged (15ms)
				SetLoadedEditorAssemblies (2ms)
				RefreshPlugins (1ms)
				BeforeProcessingInitializeOnLoad (354ms)
				ProcessInitializeOnLoadAttributes (1607ms)
				ProcessInitializeOnLoadMethodAttributes (32ms)
				AfterProcessingInitializeOnLoad (1ms)
				EditorAssembliesLoaded (0ms)
			ExecutionOrderSort2 (0ms)
			AwakeInstancesAfterBackupRestoration (42ms)
Platform modules already initialized, skipping
Refreshing native plugins compatible for Editor in 0.86 ms, found 2 plugins.
Preloading 0 native plugins for Editor in 0.00 ms.
Unloading 3901 Unused Serialized files (Serialized files now loaded: 0)
System memory in use before: 350.2 MB.
System memory in use after: 348.1 MB.

Unloading 33 unused Assets to reduce memory usage. Loaded Objects now: 4522.
Total: 5.243334 ms (FindLiveObjects: 0.358375 ms CreateObjectMapping: 0.129458 ms MarkObjects: 3.235542 ms  DeleteObjects: 1.515750 ms)

AssetImportParameters requested are different than current active one (requested -> active):
  custom:video-decoder-ogg-theora: a1e56fd34408186e4bbccfd4996cb3dc -> 
  custom:container-muxer-webm: aa71ff27fc2769a1b78a27578f13a17b -> 
  custom:container-demuxer-webm: 4f35f7cbe854078d1ac9338744f61a02 -> 
  custom:container-demuxer-ogg: 62fdf1f143b41e24485cea50d1cbac27 -> 
  custom:video-encoder-webm-vp8: eb34c28f22e8b96e1ab97ce403110664 -> 
  custom:framework-osx-AVFoundation: e770b220cccbd017edd2c1fefb359320 -> 
  custom:video-decoder-webm-vp8: 9c59270c3fd7afecdb556c50c9e8de78 -> 
  custom:audio-decoder-ogg-vorbis: bf7c407c2cedff20999df2af8eb42d56 -> 
  custom:audio-encoder-webm-vorbis: bf7c407c2cedff20999df2af8eb42d56 -> 
========================================================================
Received Import Request.
  Time since last request: 80.214737 seconds.
  path: Assets/Racing Starter Kit/Assets/MainAssets
  artifactKey: Guid(cfaec6deb720b6f4ba1763df09cf4a27) Importer(815301076,1909f56bfc062723c751e8b465ee728b)
Start importing Assets/Racing Starter Kit/Assets/MainAssets using Guid(cfaec6deb720b6f4ba1763df09cf4a27) Importer(815301076,1909f56bfc062723c751e8b465ee728b)  -> (artifact id: '26d63605d7df68106948ba7deed8f1d6') in 0.009330 seconds 
  Import took 0.016734 seconds .

========================================================================
Received Import Request.
  Time since last request: 2.377131 seconds.
  path: Assets/Racing Starter Kit/Assets/MainAssets/Vehicles
  artifactKey: Guid(91c9eb0d68c3aa9468278099737303a2) Importer(815301076,1909f56bfc062723c751e8b465ee728b)
Start importing Assets/Racing Starter Kit/Assets/MainAssets/Vehicles using Guid(91c9eb0d68c3aa9468278099737303a2) Importer(815301076,1909f56bfc062723c751e8b465ee728b)  -> (artifact id: '649b45689c687e8af0bff24c0633b91d') in 0.000823 seconds 
  Import took 0.007548 seconds .

========================================================================
Received Import Request.
  Time since last request: 1.713313 seconds.
  path: Assets/Racing Starter Kit/Assets/MainAssets/Vehicles/Car
  artifactKey: Guid(09cfa44c71dfd864283e08dc3fa7fb4b) Importer(815301076,1909f56bfc062723c751e8b465ee728b)
Start importing Assets/Racing Starter Kit/Assets/MainAssets/Vehicles/Car using Guid(09cfa44c71dfd864283e08dc3fa7fb4b) Importer(815301076,1909f56bfc062723c751e8b465ee728b)  -> (artifact id: 'af699e5d845440895cd594e3ad6bdd07') in 0.000825 seconds 
  Import took 0.007353 seconds .

========================================================================
Received Import Request.
  Time since last request: 3.031725 seconds.
  path: Assets/Racing Starter Kit/Assets/MainAssets/Vehicles/Car/Prefabs
  artifactKey: Guid(19d015355475a124d93936c8bef9f5de) Importer(815301076,1909f56bfc062723c751e8b465ee728b)
Start importing Assets/Racing Starter Kit/Assets/MainAssets/Vehicles/Car/Prefabs using Guid(19d015355475a124d93936c8bef9f5de) Importer(815301076,1909f56bfc062723c751e8b465ee728b)  -> (artifact id: 'afb35f07ef2aa8d54d9d025f7acbda95') in 0.000842 seconds 
  Import took 0.007324 seconds .

========================================================================
Received Import Request.
  Time since last request: 0.041883 seconds.
  path: Assets/Racing Starter Kit/Assets/MainAssets/Vehicles/Car/Prefabs/Car.prefab
  artifactKey: Guid(0e7ee4df08df88c4880f43398f9ad2c2) Importer(815301076,1909f56bfc062723c751e8b465ee728b)
Start importing Assets/Racing Starter Kit/Assets/MainAssets/Vehicles/Car/Prefabs/Car.prefab using Guid(0e7ee4df08df88c4880f43398f9ad2c2) Importer(815301076,1909f56bfc062723c751e8b465ee728b)  -> (artifact id: '4c0546d319c5fbb28ba9b1dd6c1de2cd') in 0.176104 seconds 
  Import took 0.183016 seconds .

========================================================================
Received Import Request.
  Time since last request: 0.000275 seconds.
  path: Assets/Racing Starter Kit/Assets/MainAssets/Vehicles/Car/Prefabs/SkidTrail.prefab
  artifactKey: Guid(4b6aa99de5d21424eab6ae279f31475b) Importer(815301076,1909f56bfc062723c751e8b465ee728b)
Start importing Assets/Racing Starter Kit/Assets/MainAssets/Vehicles/Car/Prefabs/SkidTrail.prefab using Guid(4b6aa99de5d21424eab6ae279f31475b) Importer(815301076,1909f56bfc062723c751e8b465ee728b)  -> (artifact id: '9b18edf33d695595aac6207e678e1fb0') in 0.014278 seconds 
  Import took 0.019988 seconds .

========================================================================
Received Import Request.
  Time since last request: 0.000287 seconds.
  path: Assets/Racing Starter Kit/Assets/MainAssets/Vehicles/Car/Prefabs/CarWaypointBased.prefab
  artifactKey: Guid(0fb4610dba67fc24cb2a6674fb155fc1) Importer(815301076,1909f56bfc062723c751e8b465ee728b)
Start importing Assets/Racing Starter Kit/Assets/MainAssets/Vehicles/Car/Prefabs/CarWaypointBased.prefab using Guid(0fb4610dba67fc24cb2a6674fb155fc1) Importer(815301076,1909f56bfc062723c751e8b465ee728b)  -> (artifact id: '15b598cc57216d2ee656288de802d53f') in 0.015914 seconds 
  Import took 0.022454 seconds .

========================================================================
Received Import Request.
  Time since last request: 0.004078 seconds.
  path: Assets/Racing Starter Kit/Assets/MainAssets/Vehicles/Car/Prefabs/CarWaypointBased.prefab
  artifactKey: Guid(0fb4610dba67fc24cb2a6674fb155fc1) Importer(815301076,1909f56bfc062723c751e8b465ee728b)
Start importing Assets/Racing Starter Kit/Assets/MainAssets/Vehicles/Car/Prefabs/CarWaypointBased.prefab using Guid(0fb4610dba67fc24cb2a6674fb155fc1) Importer(815301076,1909f56bfc062723c751e8b465ee728b)  -> (artifact id: '15b598cc57216d2ee656288de802d53f') in 0.012535 seconds 
  Import took 0.018729 seconds .

========================================================================
Received Import Request.
  Time since last request: 46.498302 seconds.
  path: Assets/Racing Starter Kit/Assets/Cars
  artifactKey: Guid(7485c94285ffa6f46880f091bd0259e1) Importer(815301076,1909f56bfc062723c751e8b465ee728b)
Start importing Assets/Racing Starter Kit/Assets/Cars using Guid(7485c94285ffa6f46880f091bd0259e1) Importer(815301076,1909f56bfc062723c751e8b465ee728b)  -> (artifact id: 'ea4db4b38c7bf7ef2e324e06798c19e0') in 0.001153 seconds 
  Import took 0.007980 seconds .

========================================================================
Received Import Request.
  Time since last request: 0.000462 seconds.
  path: Assets/Racing Starter Kit/Assets/Cars
  artifactKey: Guid(7485c94285ffa6f46880f091bd0259e1) Importer(815301076,1909f56bfc062723c751e8b465ee728b)
Start importing Assets/Racing Starter Kit/Assets/Cars using Guid(7485c94285ffa6f46880f091bd0259e1) Importer(815301076,1909f56bfc062723c751e8b465ee728b)  -> (artifact id: 'ea4db4b38c7bf7ef2e324e06798c19e0') in 0.000935 seconds 
  Import took 0.006937 seconds .

========================================================================
Received Import Request.
  Time since last request: 1.794125 seconds.
  path: Assets/Racing Starter Kit/Assets/Cars/Models
  artifactKey: Guid(c05d629f805dd5e4b9584983f03e7a32) Importer(815301076,1909f56bfc062723c751e8b465ee728b)
Start importing Assets/Racing Starter Kit/Assets/Cars/Models using Guid(c05d629f805dd5e4b9584983f03e7a32) Importer(815301076,1909f56bfc062723c751e8b465ee728b)  -> (artifact id: '5c7332842429bc25f4b2241d44604cfc') in 0.001181 seconds 
  Import took 0.007614 seconds .

========================================================================
Received Import Request.
  Time since last request: 0.045071 seconds.
  path: Assets/Racing Starter Kit/Assets/Cars/Models/car-parsche-sport-green.obj
  artifactKey: Guid(522a332726338424a9a7da7796ce3440) Importer(815301076,1909f56bfc062723c751e8b465ee728b)
Start importing Assets/Racing Starter Kit/Assets/Cars/Models/car-parsche-sport-green.obj using Guid(522a332726338424a9a7da7796ce3440) Importer(815301076,1909f56bfc062723c751e8b465ee728b)  -> (artifact id: '51fe24cef9fcb08edc623d90c2ff21da') in 1.104745 seconds 
  Import took 1.111842 seconds .

========================================================================
Received Import Request.
  Time since last request: 55.952188 seconds.
  path: Assets/Racing Starter Kit/Assets/Cars/Prefabs
  artifactKey: Guid(acb491c1985113642b29a3d02adc36ac) Importer(815301076,1909f56bfc062723c751e8b465ee728b)
Start importing Assets/Racing Starter Kit/Assets/Cars/Prefabs using Guid(acb491c1985113642b29a3d02adc36ac) Importer(815301076,1909f56bfc062723c751e8b465ee728b)  -> (artifact id: 'cb50b7c1661f96fc84095f334e783cf8') in 0.000999 seconds 
  Import took 0.008655 seconds .

========================================================================
Received Import Request.
  Time since last request: 0.097845 seconds.
  path: Assets/Racing Starter Kit/Assets/Cars/Prefabs/car1.prefab
  artifactKey: Guid(e628f2d71193ae6418f3aef5ca3b923d) Importer(815301076,1909f56bfc062723c751e8b465ee728b)
Start importing Assets/Racing Starter Kit/Assets/Cars/Prefabs/car1.prefab using Guid(e628f2d71193ae6418f3aef5ca3b923d) Importer(815301076,1909f56bfc062723c751e8b465ee728b)  -> (artifact id: 'b3b7a33fe3a8c495ad800ba7f0ad86ae') in 0.010991 seconds 
  Import took 0.017550 seconds .

========================================================================
Received Import Request.
  Time since last request: 25.467143 seconds.
  path: Assets/Racing Starter Kit/Assets/CarRims
  artifactKey: Guid(961173862a46c6647bd10048444ca806) Importer(815301076,1909f56bfc062723c751e8b465ee728b)
Start importing Assets/Racing Starter Kit/Assets/CarRims using Guid(961173862a46c6647bd10048444ca806) Importer(815301076,1909f56bfc062723c751e8b465ee728b)  -> (artifact id: '63839545cc27c955b126f2daa6443efe') in 0.000868 seconds 
  Import took 0.007434 seconds .

========================================================================
Received Import Request.
  Time since last request: 1.193121 seconds.
  path: Assets/Racing Starter Kit/Assets/CarRims/Models
  artifactKey: Guid(8e52f8f8a3286c5439d50cc74cb76a43) Importer(815301076,1909f56bfc062723c751e8b465ee728b)
Start importing Assets/Racing Starter Kit/Assets/CarRims/Models using Guid(8e52f8f8a3286c5439d50cc74cb76a43) Importer(815301076,1909f56bfc062723c751e8b465ee728b)  -> (artifact id: 'e3be7aea0a6e4ec55426e594b5c0fc22') in 0.001174 seconds 
  Import took 0.008043 seconds .

========================================================================
Received Import Request.
  Time since last request: 0.043856 seconds.
  path: Assets/Racing Starter Kit/Assets/CarRims/Models/Car3.fbx
  artifactKey: Guid(7722de6fbed7f214d8e8c82e36beb790) Importer(815301076,1909f56bfc062723c751e8b465ee728b)
Start importing Assets/Racing Starter Kit/Assets/CarRims/Models/Car3.fbx using Guid(7722de6fbed7f214d8e8c82e36beb790) Importer(815301076,1909f56bfc062723c751e8b465ee728b)  -> (artifact id: 'd7c5d0611a8b4cf26f5fa769cff1ef17') in 0.128414 seconds 
  Import took 0.135262 seconds .

========================================================================
Received Import Request.
  Time since last request: 3.159514 seconds.
  path: Assets/Racing Starter Kit/Assets/CarRims/Prefabs
  artifactKey: Guid(6e0eca6443615f349b38f17e3b6de67f) Importer(815301076,1909f56bfc062723c751e8b465ee728b)
Start importing Assets/Racing Starter Kit/Assets/CarRims/Prefabs using Guid(6e0eca6443615f349b38f17e3b6de67f) Importer(815301076,1909f56bfc062723c751e8b465ee728b)  -> (artifact id: '721f90eab1363c9dec22bbe0a29d722f') in 0.001138 seconds 
  Import took 0.007824 seconds .

========================================================================
Received Import Request.
  Time since last request: 0.047321 seconds.
  path: Assets/Racing Starter Kit/Assets/CarRims/Prefabs/Car3.prefab
  artifactKey: Guid(86e54e3309ec6e54f854e55a4ccc57e6) Importer(815301076,1909f56bfc062723c751e8b465ee728b)
Start importing Assets/Racing Starter Kit/Assets/CarRims/Prefabs/Car3.prefab using Guid(86e54e3309ec6e54f854e55a4ccc57e6) Importer(815301076,1909f56bfc062723c751e8b465ee728b)  -> (artifact id: 'd8e65a8975e83f659d8e5976dd7a6b71') in 0.014051 seconds 
  Import took 0.020616 seconds .

========================================================================
Received Import Request.
  Time since last request: 58.776715 seconds.
  path: Assets/Racing Starter Kit/Scenes
  artifactKey: Guid(4f704ae4b4f98ae41a0bce26658850c1) Importer(815301076,1909f56bfc062723c751e8b465ee728b)
Start importing Assets/Racing Starter Kit/Scenes using Guid(4f704ae4b4f98ae41a0bce26658850c1) Importer(815301076,1909f56bfc062723c751e8b465ee728b)  -> (artifact id: '1aca82992b6beeddaa6663b47a6390a7') in 0.001061 seconds 
  Import took 0.009024 seconds .

========================================================================
Received Import Request.
  Time since last request: 3.273509 seconds.
  path: Assets/Racing Starter Kit/Scenes/_TerrainAutoUpgrade
  artifactKey: Guid(8059d2194d807d4459b3ebab96d13c94) Importer(815301076,1909f56bfc062723c751e8b465ee728b)
Start importing Assets/Racing Starter Kit/Scenes/_TerrainAutoUpgrade using Guid(8059d2194d807d4459b3ebab96d13c94) Importer(815301076,1909f56bfc062723c751e8b465ee728b)  -> (artifact id: '41bc0e430c2de606ed80c3d6da7439cc') in 0.000917 seconds 
  Import took 0.008527 seconds .

========================================================================
Received Import Request.
  Time since last request: 0.000835 seconds.
  path: Assets/Racing Starter Kit/Scenes/_TerrainAutoUpgrade
  artifactKey: Guid(8059d2194d807d4459b3ebab96d13c94) Importer(815301076,1909f56bfc062723c751e8b465ee728b)
Start importing Assets/Racing Starter Kit/Scenes/_TerrainAutoUpgrade using Guid(8059d2194d807d4459b3ebab96d13c94) Importer(815301076,1909f56bfc062723c751e8b465ee728b)  -> (artifact id: '41bc0e430c2de606ed80c3d6da7439cc') in 0.001026 seconds 
  Import took 0.007125 seconds .

========================================================================
Received Import Request.
  Time since last request: 0.044606 seconds.
  path: Assets/Racing Starter Kit/Scenes/_TerrainAutoUpgrade/layer_grass-texture(15.000,15.000)(0.000,0.000)(0.000,0.000,0.000),0.630,0.000.terrainlayer
  artifactKey: Guid(66cfc0c4541a5d543b21a3aa9ee98388) Importer(815301076,1909f56bfc062723c751e8b465ee728b)
Start importing Assets/Racing Starter Kit/Scenes/_TerrainAutoUpgrade/layer_grass-texture(15.000,15.000)(0.000,0.000)(0.000,0.000,0.000),0.630,0.000.terrainlayer using Guid(66cfc0c4541a5d543b21a3aa9ee98388) Importer(815301076,1909f56bfc062723c751e8b465ee728b)  -> (artifact id: 'ca8470223885b81aa7f642c964a0c6b4') in 0.091882 seconds 
  Import took 0.098453 seconds .

========================================================================
Received Import Request.
  Time since last request: 2.139707 seconds.
  path: Assets/Racing Starter Kit/Scenes/Terrains
  artifactKey: Guid(a3c9b25237ae45b4fa94c10ac578254e) Importer(815301076,1909f56bfc062723c751e8b465ee728b)
Start importing Assets/Racing Starter Kit/Scenes/Terrains using Guid(a3c9b25237ae45b4fa94c10ac578254e) Importer(815301076,1909f56bfc062723c751e8b465ee728b)  -> (artifact id: '560250e4196a7ac9335d84104c1deddf') in 0.001364 seconds 
  Import took 0.009730 seconds .

========================================================================
Received Import Request.
  Time since last request: 0.000697 seconds.
  path: Assets/Racing Starter Kit/Scenes/Terrains
  artifactKey: Guid(a3c9b25237ae45b4fa94c10ac578254e) Importer(815301076,1909f56bfc062723c751e8b465ee728b)
Start importing Assets/Racing Starter Kit/Scenes/Terrains using Guid(a3c9b25237ae45b4fa94c10ac578254e) Importer(815301076,1909f56bfc062723c751e8b465ee728b)  -> (artifact id: '560250e4196a7ac9335d84104c1deddf') in 0.000833 seconds 
  Import took 0.006766 seconds .

========================================================================
Received Import Request.
  Time since last request: 0.035563 seconds.
  path: Assets/Racing Starter Kit/Scenes/Terrains/Tracks Terrain.asset
  artifactKey: Guid(c32aa27fec5cc69478e5ba9c20a5f736) Importer(815301076,1909f56bfc062723c751e8b465ee728b)
Start importing Assets/Racing Starter Kit/Scenes/Terrains/Tracks Terrain.asset using Guid(c32aa27fec5cc69478e5ba9c20a5f736) Importer(815301076,1909f56bfc062723c751e8b465ee728b) The tree Tree2 must use the Nature/Soft Occlusion shader. Otherwise billboarding/lighting will not work correctly.

The tree Tree2 must use the Nature/Soft Occlusion shader. Otherwise billboarding/lighting will not work correctly.

The tree Tree1 must use the Nature/Soft Occlusion shader. Otherwise billboarding/lighting will not work correctly.

The tree Tree1 must use the Nature/Soft Occlusion shader. Otherwise billboarding/lighting will not work correctly.

The tree Bush1 must use the Nature/Soft Occlusion shader. Otherwise billboarding/lighting will not work correctly.

The tree Bush2 must use the Nature/Soft Occlusion shader. Otherwise billboarding/lighting will not work correctly.

The tree Bush3 must use the Nature/Soft Occlusion shader. Otherwise billboarding/lighting will not work correctly.

 -> (artifact id: '3c5b8109e9adbc7e95ab9868a6cb0982') in 0.107917 seconds 
  Import took 0.115269 seconds .

========================================================================
Received Import Request.
  Time since last request: 1.863793 seconds.
  path: Assets/Racing Starter Kit/Scenes/Track01
  artifactKey: Guid(1ea7312dba5543746a92225625a3fa82) Importer(815301076,1909f56bfc062723c751e8b465ee728b)
Start importing Assets/Racing Starter Kit/Scenes/Track01 using Guid(1ea7312dba5543746a92225625a3fa82) Importer(815301076,1909f56bfc062723c751e8b465ee728b)  -> (artifact id: 'b73fee31654c759962c0dc99b9a15381') in 0.001064 seconds 
  Import took 0.007627 seconds .

========================================================================
Received Import Request.
  Time since last request: 0.043000 seconds.
  path: Assets/Racing Starter Kit/Scenes/Track01/LightingData.asset
  artifactKey: Guid(cb27e61bd0a3a0e48a1456ba4d387b35) Importer(815301076,1909f56bfc062723c751e8b465ee728b)
Start importing Assets/Racing Starter Kit/Scenes/Track01/LightingData.asset using Guid(cb27e61bd0a3a0e48a1456ba4d387b35) Importer(815301076,1909f56bfc062723c751e8b465ee728b) Lighting data asset LightingData is inconsistent because 3 files out of 14 are missing.  Please use Generate Lighting to rebuild the lighting data.

 -> (artifact id: '1faa98a33bc2e8e51555ede4a07af9c7') in 0.020789 seconds 
  Import took 0.027474 seconds .

========================================================================
Received Import Request.
  Time since last request: 0.000277 seconds.
  path: Assets/Racing Starter Kit/Scenes/Track01/Lightmap-0_comp_dir.png
  artifactKey: Guid(af7fa79c11641e8448c1169c3d3c8a6e) Importer(815301076,1909f56bfc062723c751e8b465ee728b)
Start importing Assets/Racing Starter Kit/Scenes/Track01/Lightmap-0_comp_dir.png using Guid(af7fa79c11641e8448c1169c3d3c8a6e) Importer(815301076,1909f56bfc062723c751e8b465ee728b)  -> (artifact id: '69e6385168fc74600ee045b95bae1309') in 0.010210 seconds 
  Import took 0.015915 seconds .

========================================================================
Received Import Request.
  Time since last request: 0.000276 seconds.
  path: Assets/Racing Starter Kit/Scenes/Track01/ReflectionProbe-0.exr
  artifactKey: Guid(6153aaeacecb3914f9e30816b55c0f1e) Importer(815301076,1909f56bfc062723c751e8b465ee728b)
Start importing Assets/Racing Starter Kit/Scenes/Track01/ReflectionProbe-0.exr using Guid(6153aaeacecb3914f9e30816b55c0f1e) Importer(815301076,1909f56bfc062723c751e8b465ee728b)  -> (artifact id: '3e6080a3a71736ff056ef5efca67484a') in 0.723117 seconds 
  Import took 0.729335 seconds .

========================================================================
Received Import Request.
  Time since last request: 0.002192 seconds.
  path: Assets/Racing Starter Kit/Scenes/Track01/Lightmap-0_comp_shadowmask.png
  artifactKey: Guid(7ca332bd96d35cf4bb3cb11bb1ad3f6e) Importer(815301076,1909f56bfc062723c751e8b465ee728b)
Start importing Assets/Racing Starter Kit/Scenes/Track01/Lightmap-0_comp_shadowmask.png using Guid(7ca332bd96d35cf4bb3cb11bb1ad3f6e) Importer(815301076,1909f56bfc062723c751e8b465ee728b)  -> (artifact id: '20a5b21c794f597aed2a005993f7baeb') in 0.009931 seconds 
  Import took 0.015839 seconds .

========================================================================
Received Import Request.
  Time since last request: 0.000287 seconds.
  path: Assets/Racing Starter Kit/Scenes/Track01/Lightmap-0_comp_light.exr
  artifactKey: Guid(d7f99408a2fe82443b3946beb282452f) Importer(815301076,1909f56bfc062723c751e8b465ee728b)
Start importing Assets/Racing Starter Kit/Scenes/Track01/Lightmap-0_comp_light.exr using Guid(d7f99408a2fe82443b3946beb282452f) Importer(815301076,1909f56bfc062723c751e8b465ee728b)  -> (artifact id: 'd8d23dcddfb937d686a07de9076613fe') in 0.045599 seconds 
  Import took 0.051989 seconds .

========================================================================
Received Import Request.
  Time since last request: 2.660717 seconds.
  path: Assets/Racing Starter Kit/Scenes/SampleScene.unity
  artifactKey: Guid(adc28652a668a9646b0352d63f41b808) Importer(815301076,1909f56bfc062723c751e8b465ee728b)
Start importing Assets/Racing Starter Kit/Scenes/SampleScene.unity using Guid(adc28652a668a9646b0352d63f41b808) Importer(815301076,1909f56bfc062723c751e8b465ee728b)  -> (artifact id: '5c63b1ef2b3b87d71aad9ae51435cdb7') in 0.001345 seconds 
  Import took 0.007829 seconds .

========================================================================
Received Import Request.
  Time since last request: 28.808840 seconds.
  path: Assets/Player.prefab
  artifactKey: Guid(5f14e456a22254b4e90633d0f104c257) Importer(815301076,1909f56bfc062723c751e8b465ee728b)
Start importing Assets/Player.prefab using Guid(5f14e456a22254b4e90633d0f104c257) Importer(815301076,1909f56bfc062723c751e8b465ee728b)  -> (artifact id: 'c40580a4a591567ee1e772f08d06e214') in 0.021421 seconds 
  Import took 0.028776 seconds .

========================================================================
Received Import Request.
  Time since last request: 12.833139 seconds.
  path: Assets/Racing Starter Kit/Scenes/SampleScene.unity
  artifactKey: Guid(adc28652a668a9646b0352d63f41b808) Importer(815301076,1909f56bfc062723c751e8b465ee728b)
Start importing Assets/Racing Starter Kit/Scenes/SampleScene.unity using Guid(adc28652a668a9646b0352d63f41b808) Importer(815301076,1909f56bfc062723c751e8b465ee728b)  -> (artifact id: '5f8c6cef24bb5bc4d030dabfe10bb488') in 0.003220 seconds 
  Import took 0.009834 seconds .

========================================================================
Received Import Request.
  Time since last request: 12.190180 seconds.
  path: Assets/Scenes/SampleScene.unity
  artifactKey: Guid(9fc0d4010bbf28b4594072e72b8655ab) Importer(815301076,1909f56bfc062723c751e8b465ee728b)
Start importing Assets/Scenes/SampleScene.unity using Guid(9fc0d4010bbf28b4594072e72b8655ab) Importer(815301076,1909f56bfc062723c751e8b465ee728b)  -> (artifact id: '801cb9ae430d878e45c14748a6b346cd') in 0.002116 seconds 
  Import took 0.010859 seconds .

========================================================================
Received Prepare
Registering precompiled user dll's ...
Registered in 0.005539 seconds.
Begin MonoManager ReloadAssembly
Native extension for OSXStandalone target not found
Refreshing native plugins compatible for Editor in 0.89 ms, found 2 plugins.
Preloading 0 native plugins for Editor in 0.00 ms.
2023-04-10 12:23:10.695 Unity[1039:11878] NSEventModifierFlagFunction specified to -setKeyEquivalentModifierMask: for item <NSMenuItem: 0x7fdba6c44370 Font Asset, ke='Command-F12'>, but is only supported for system-provided menu items; will not be used
Mono: successfully reloaded assembly
- Completed reload, in  3.991 seconds
Domain Reload Profiling:
	ReloadAssembly (3992ms)
		BeginReloadAssembly (309ms)
			ExecutionOrderSort (0ms)
			DisableScriptedObjects (35ms)
			BackupInstance (0ms)
			ReleaseScriptingObjects (0ms)
			CreateAndSetChildDomain (138ms)
		EndReloadAssembly (3561ms)
			LoadAssemblies (291ms)
			RebuildTransferFunctionScriptingTraits (0ms)
			SetupTypeCache (591ms)
			ReleaseScriptCaches (2ms)
			RebuildScriptCaches (110ms)
			SetupLoadedEditorAssemblies (2084ms)
				LogAssemblyErrors (0ms)
				InitializePlatformSupportModulesInManaged (14ms)
				SetLoadedEditorAssemblies (1ms)
				RefreshPlugins (1ms)
				BeforeProcessingInitializeOnLoad (339ms)
				ProcessInitializeOnLoadAttributes (1691ms)
				ProcessInitializeOnLoadMethodAttributes (36ms)
				AfterProcessingInitializeOnLoad (1ms)
				EditorAssembliesLoaded (0ms)
			ExecutionOrderSort2 (0ms)
			AwakeInstancesAfterBackupRestoration (43ms)
Platform modules already initialized, skipping
Refreshing native plugins compatible for Editor in 0.97 ms, found 2 plugins.
Preloading 0 native plugins for Editor in 0.00 ms.
Unloading 3901 Unused Serialized files (Serialized files now loaded: 0)
System memory in use before: 367.5 MB.
System memory in use after: 366.3 MB.

Unloading 28 unused Assets to reduce memory usage. Loaded Objects now: 4566.
Total: 4.545042 ms (FindLiveObjects: 0.333542 ms CreateObjectMapping: 0.125416 ms MarkObjects: 3.069834 ms  DeleteObjects: 1.015166 ms)

AssetImportParameters requested are different than current active one (requested -> active):
  custom:video-decoder-ogg-theora: a1e56fd34408186e4bbccfd4996cb3dc -> 
  custom:container-muxer-webm: aa71ff27fc2769a1b78a27578f13a17b -> 
  custom:container-demuxer-webm: 4f35f7cbe854078d1ac9338744f61a02 -> 
  custom:container-demuxer-ogg: 62fdf1f143b41e24485cea50d1cbac27 -> 
  custom:video-encoder-webm-vp8: eb34c28f22e8b96e1ab97ce403110664 -> 
  custom:framework-osx-AVFoundation: e770b220cccbd017edd2c1fefb359320 -> 
  custom:video-decoder-webm-vp8: 9c59270c3fd7afecdb556c50c9e8de78 -> 
  custom:audio-decoder-ogg-vorbis: bf7c407c2cedff20999df2af8eb42d56 -> 
  custom:audio-encoder-webm-vorbis: bf7c407c2cedff20999df2af8eb42d56 -> 
========================================================================
Received Import Request.
  Time since last request: 100.036365 seconds.
  path: Assets/Player1Cameras.prefab
  artifactKey: Guid(84f2e120b0bd0473690d901886f588f3) Importer(815301076,1909f56bfc062723c751e8b465ee728b)
Start importing Assets/Player1Cameras.prefab using Guid(84f2e120b0bd0473690d901886f588f3) Importer(815301076,1909f56bfc062723c751e8b465ee728b)  -> (artifact id: 'ec6715fc4ae19f133e2689dc26e30b7d') in 0.068315 seconds 
  Import took 0.075198 seconds .

========================================================================
Received Import Request.
  Time since last request: 2.121306 seconds.
  path: Assets/CameraChange.prefab
  artifactKey: Guid(99cd2dedba2f849f8aa247e018a175cc) Importer(815301076,1909f56bfc062723c751e8b465ee728b)
Start importing Assets/CameraChange.prefab using Guid(99cd2dedba2f849f8aa247e018a175cc) Importer(815301076,1909f56bfc062723c751e8b465ee728b)  -> (artifact id: '5642c210f8dd6abbe96c7da88f9c7b2c') in 0.008834 seconds 
  Import took 0.015537 seconds .

========================================================================
Received Import Request.
  Time since last request: 14.971807 seconds.
  path: Assets/Scenes/SampleScene.unity
  artifactKey: Guid(9fc0d4010bbf28b4594072e72b8655ab) Importer(815301076,1909f56bfc062723c751e8b465ee728b)
Start importing Assets/Scenes/SampleScene.unity using Guid(9fc0d4010bbf28b4594072e72b8655ab) Importer(815301076,1909f56bfc062723c751e8b465ee728b)  -> (artifact id: '11106a2934707a7d8356ad0aacf4a599') in 0.002033 seconds 
  Import took 0.009127 seconds .

========================================================================
Received Prepare
Registering precompiled user dll's ...
Registered in 0.005852 seconds.
Begin MonoManager ReloadAssembly
Native extension for OSXStandalone target not found
Refreshing native plugins compatible for Editor in 0.91 ms, found 2 plugins.
Preloading 0 native plugins for Editor in 0.00 ms.
2023-04-10 12:25:03.689 Unity[1039:11878] NSEventModifierFlagFunction specified to -setKeyEquivalentModifierMask: for item <NSMenuItem: 0x7fdbc705db30 Font Asset, ke='Command-F12'>, but is only supported for system-provided menu items; will not be used
Mono: successfully reloaded assembly
- Completed reload, in  3.971 seconds
Domain Reload Profiling:
	ReloadAssembly (3972ms)
		BeginReloadAssembly (299ms)
			ExecutionOrderSort (0ms)
			DisableScriptedObjects (37ms)
			BackupInstance (0ms)
			ReleaseScriptingObjects (0ms)
			CreateAndSetChildDomain (127ms)
		EndReloadAssembly (3547ms)
			LoadAssemblies (253ms)
			RebuildTransferFunctionScriptingTraits (0ms)
			SetupTypeCache (596ms)
			ReleaseScriptCaches (2ms)
			RebuildScriptCaches (109ms)
			SetupLoadedEditorAssemblies (2106ms)
				LogAssemblyErrors (0ms)
				InitializePlatformSupportModulesInManaged (15ms)
				SetLoadedEditorAssemblies (2ms)
				RefreshPlugins (1ms)
				BeforeProcessingInitializeOnLoad (351ms)
				ProcessInitializeOnLoadAttributes (1702ms)
				ProcessInitializeOnLoadMethodAttributes (33ms)
				AfterProcessingInitializeOnLoad (1ms)
				EditorAssembliesLoaded (0ms)
			ExecutionOrderSort2 (0ms)
			AwakeInstancesAfterBackupRestoration (43ms)
Platform modules already initialized, skipping
Refreshing native plugins compatible for Editor in 0.89 ms, found 2 plugins.
Preloading 0 native plugins for Editor in 0.00 ms.
Unloading 3900 Unused Serialized files (Serialized files now loaded: 0)
System memory in use before: 367.6 MB.
System memory in use after: 366.5 MB.

Unloading 28 unused Assets to reduce memory usage. Loaded Objects now: 4568.
Total: 4.498375 ms (FindLiveObjects: 0.296625 ms CreateObjectMapping: 0.122417 ms MarkObjects: 3.048833 ms  DeleteObjects: 1.029500 ms)

AssetImportParameters requested are different than current active one (requested -> active):
  custom:video-decoder-ogg-theora: a1e56fd34408186e4bbccfd4996cb3dc -> 
  custom:container-muxer-webm: aa71ff27fc2769a1b78a27578f13a17b -> 
  custom:container-demuxer-webm: 4f35f7cbe854078d1ac9338744f61a02 -> 
  custom:container-demuxer-ogg: 62fdf1f143b41e24485cea50d1cbac27 -> 
  custom:video-encoder-webm-vp8: eb34c28f22e8b96e1ab97ce403110664 -> 
  custom:framework-osx-AVFoundation: e770b220cccbd017edd2c1fefb359320 -> 
  custom:video-decoder-webm-vp8: 9c59270c3fd7afecdb556c50c9e8de78 -> 
  custom:audio-decoder-ogg-vorbis: bf7c407c2cedff20999df2af8eb42d56 -> 
  custom:audio-encoder-webm-vorbis: bf7c407c2cedff20999df2af8eb42d56 -> 
========================================================================
Received Import Request.
  Time since last request: 109.039791 seconds.
  path: Assets/Terrain.prefab
  artifactKey: Guid(3c11dbb90d399445d82b8629bee4b648) Importer(815301076,1909f56bfc062723c751e8b465ee728b)
Start importing Assets/Terrain.prefab using Guid(3c11dbb90d399445d82b8629bee4b648) Importer(815301076,1909f56bfc062723c751e8b465ee728b)  -> (artifact id: 'c84ca2aa1658115d397ef4e6073c22a2') in 0.066618 seconds 
  Import took 0.073648 seconds .

========================================================================
Received Import Request.
  Time since last request: 13.527236 seconds.
  path: Assets/Racing Starter Kit/Scenes/SampleScene.unity
  artifactKey: Guid(adc28652a668a9646b0352d63f41b808) Importer(815301076,1909f56bfc062723c751e8b465ee728b)
Start importing Assets/Racing Starter Kit/Scenes/SampleScene.unity using Guid(adc28652a668a9646b0352d63f41b808) Importer(815301076,1909f56bfc062723c751e8b465ee728b)  -> (artifact id: '86ff5a4816cf9e8e3b6f891669674e1a') in 0.001888 seconds 
  Import took 0.008558 seconds .

========================================================================
Received Prepare
Registering precompiled user dll's ...
Registered in 0.003004 seconds.
Begin MonoManager ReloadAssembly
Native extension for OSXStandalone target not found
Refreshing native plugins compatible for Editor in 0.99 ms, found 2 plugins.
Preloading 0 native plugins for Editor in 0.00 ms.
2023-04-10 12:32:18.396 Unity[1039:11878] NSEventModifierFlagFunction specified to -setKeyEquivalentModifierMask: for item <NSMenuItem: 0x7fdba6c5fd30 Font Asset, ke='Command-F12'>, but is only supported for system-provided menu items; will not be used
Mono: successfully reloaded assembly
- Completed reload, in  3.967 seconds
Domain Reload Profiling:
	ReloadAssembly (3968ms)
		BeginReloadAssembly (306ms)
			ExecutionOrderSort (0ms)
			DisableScriptedObjects (38ms)
			BackupInstance (0ms)
			ReleaseScriptingObjects (0ms)
			CreateAndSetChildDomain (131ms)
		EndReloadAssembly (3537ms)
			LoadAssemblies (229ms)
			RebuildTransferFunctionScriptingTraits (0ms)
			SetupTypeCache (590ms)
			ReleaseScriptCaches (2ms)
			RebuildScriptCaches (107ms)
			SetupLoadedEditorAssemblies (2140ms)
				LogAssemblyErrors (0ms)
				InitializePlatformSupportModulesInManaged (15ms)
				SetLoadedEditorAssemblies (2ms)
				RefreshPlugins (1ms)
				BeforeProcessingInitializeOnLoad (367ms)
				ProcessInitializeOnLoadAttributes (1721ms)
				ProcessInitializeOnLoadMethodAttributes (32ms)
				AfterProcessingInitializeOnLoad (1ms)
				EditorAssembliesLoaded (0ms)
			ExecutionOrderSort2 (0ms)
			AwakeInstancesAfterBackupRestoration (42ms)
Platform modules already initialized, skipping
Refreshing native plugins compatible for Editor in 0.94 ms, found 2 plugins.
Preloading 0 native plugins for Editor in 0.00 ms.
Unloading 3900 Unused Serialized files (Serialized files now loaded: 0)
System memory in use before: 367.9 MB.
System memory in use after: 366.7 MB.

Unloading 28 unused Assets to reduce memory usage. Loaded Objects now: 4570.
Total: 4.547458 ms (FindLiveObjects: 0.320875 ms CreateObjectMapping: 0.129042 ms MarkObjects: 3.149834 ms  DeleteObjects: 0.946666 ms)

AssetImportParameters requested are different than current active one (requested -> active):
  custom:video-decoder-ogg-theora: a1e56fd34408186e4bbccfd4996cb3dc -> 
  custom:container-muxer-webm: aa71ff27fc2769a1b78a27578f13a17b -> 
  custom:container-demuxer-webm: 4f35f7cbe854078d1ac9338744f61a02 -> 
  custom:container-demuxer-ogg: 62fdf1f143b41e24485cea50d1cbac27 -> 
  custom:video-encoder-webm-vp8: eb34c28f22e8b96e1ab97ce403110664 -> 
  custom:framework-osx-AVFoundation: e770b220cccbd017edd2c1fefb359320 -> 
  custom:video-decoder-webm-vp8: 9c59270c3fd7afecdb556c50c9e8de78 -> 
  custom:audio-decoder-ogg-vorbis: bf7c407c2cedff20999df2af8eb42d56 -> 
  custom:audio-encoder-webm-vorbis: bf7c407c2cedff20999df2af8eb42d56 -> 
