Unity Editor version:    2020.3.17f1 (a4537701e4ab)
Branch:                  2020.3/staging
Build type:              Release
Batch mode:              YES
macOS version:           Version 12.5 (Build 21G72)
Darwin version:          21.6.0
Architecture:            x86_64
Running under Rosetta:   YES
Available memory:        16384 MB
Using pre-set license
Pro License: NO

COMMAND LINE ARGUMENTS:
/Applications/Unity/Unity.app/Contents/MacOS/Unity
-adb2
-batchMode
-noUpm
-name
AssetImportWorker0
-projectPath
/Users/shaikha/Desktop/Games and Play/Unity Projects/m2-2d-adventure-game
-logFile
Logs/AssetImportWorker0.log
-srvPort
49221
Successfully changed project path to: /Users/shaikha/Desktop/Games and Play/Unity Projects/m2-2d-adventure-game
/Users/shaikha/Desktop/Games and Play/Unity Projects/m2-2d-adventure-game
Using Asset Import Pipeline V2.
Refreshing native plugins compatible for Editor in 39.66 ms, found 3 plugins.
Preloading 0 native plugins for Editor in 0.00 ms.
Initialize engine version: 2020.3.17f1 (a4537701e4ab)
[Subsystems] Discovering subsystems at path /Applications/Unity/Unity.app/Contents/Resources/UnitySubsystems
[Subsystems] Discovering subsystems at path /Users/shaikha/Desktop/Games and Play/Unity Projects/m2-2d-adventure-game/Assets
GfxDevice: creating device client; threaded=0
2023-04-02 22:08:16.890 Unity[1990:23761] (null) preferred device: Apple M1 Pro (high power)
2023-04-02 22:08:16.890 Unity[1990:23761] Metal devices available: 1
2023-04-02 22:08:16.890 Unity[1990:23761] 0: Apple M1 Pro (high power)
2023-04-02 22:08:16.891 Unity[1990:23761] Using device Apple M1 Pro (high power)
Initializing Metal device caps: Apple M1 Pro
Initialize mono
Mono path[0] = '/Applications/Unity/Unity.app/Contents/Managed'
Mono path[1] = '/Applications/Unity/Unity.app/Contents/MonoBleedingEdge/lib/mono/unityjit'
Mono config path = '/Applications/Unity/Unity.app/Contents/MonoBleedingEdge/etc'
Using monoOptions --debugger-agent=transport=dt_socket,embedding=1,server=y,suspend=n,address=127.0.0.1:56990
Begin MonoManager ReloadAssembly
Registering precompiled unity dll's ...
Register platform support module: /Applications/Unity/Unity.app/Contents/PlaybackEngines/MacStandaloneSupport/UnityEditor.OSXStandalone.Extensions.dll
Registered in 0.000294 seconds.
Native extension for OSXStandalone target not found
Refreshing native plugins compatible for Editor in 38.55 ms, found 3 plugins.
Preloading 0 native plugins for Editor in 0.00 ms.
Mono: successfully reloaded assembly
- Completed reload, in  1.886 seconds
Domain Reload Profiling:
	ReloadAssembly (1886ms)
		BeginReloadAssembly (85ms)
			ExecutionOrderSort (0ms)
			DisableScriptedObjects (0ms)
			BackupInstance (0ms)
			ReleaseScriptingObjects (0ms)
			CreateAndSetChildDomain (3ms)
		EndReloadAssembly (944ms)
			LoadAssemblies (82ms)
			RebuildTransferFunctionScriptingTraits (0ms)
			SetupTypeCache (196ms)
			ReleaseScriptCaches (0ms)
			RebuildScriptCaches (46ms)
			SetupLoadedEditorAssemblies (547ms)
				LogAssemblyErrors (0ms)
				InitializePlatformSupportModulesInManaged (10ms)
				SetLoadedEditorAssemblies (0ms)
				RefreshPlugins (39ms)
				BeforeProcessingInitializeOnLoad (60ms)
				ProcessInitializeOnLoadAttributes (323ms)
				ProcessInitializeOnLoadMethodAttributes (114ms)
				AfterProcessingInitializeOnLoad (0ms)
				EditorAssembliesLoaded (1ms)
			ExecutionOrderSort2 (0ms)
			AwakeInstancesAfterBackupRestoration (0ms)
Platform modules already initialized, skipping
Registering precompiled user dll's ...
Registered in 0.003978 seconds.
Begin MonoManager ReloadAssembly
Native extension for OSXStandalone target not found
Refreshing native plugins compatible for Editor in 41.39 ms, found 3 plugins.
Preloading 0 native plugins for Editor in 0.00 ms.
Mono: successfully reloaded assembly
- Completed reload, in  2.753 seconds
Domain Reload Profiling:
	ReloadAssembly (2755ms)
		BeginReloadAssembly (287ms)
			ExecutionOrderSort (0ms)
			DisableScriptedObjects (32ms)
			BackupInstance (0ms)
			ReleaseScriptingObjects (0ms)
			CreateAndSetChildDomain (44ms)
		EndReloadAssembly (2365ms)
			LoadAssemblies (208ms)
			RebuildTransferFunctionScriptingTraits (0ms)
			SetupTypeCache (375ms)
			ReleaseScriptCaches (1ms)
			RebuildScriptCaches (65ms)
			SetupLoadedEditorAssemblies (1360ms)
				LogAssemblyErrors (0ms)
				InitializePlatformSupportModulesInManaged (12ms)
				SetLoadedEditorAssemblies (1ms)
				RefreshPlugins (41ms)
				BeforeProcessingInitializeOnLoad (198ms)
				ProcessInitializeOnLoadAttributes (1063ms)
				ProcessInitializeOnLoadMethodAttributes (45ms)
				AfterProcessingInitializeOnLoad (1ms)
				EditorAssembliesLoaded (0ms)
			ExecutionOrderSort2 (0ms)
			AwakeInstancesAfterBackupRestoration (37ms)
Platform modules already initialized, skipping
Validating Project structure ... 0.000271 seconds.
Shader import version has changed; will reimport all shaders...
Upgrading shader files ...0.000217 seconds.
Application.AssetDatabase Initial Script Refresh Start
RefreshInfo: InitialScriptRefreshV2(NoUpdateAssetOptions) scanfilter:  ... 1 filters
RefreshProfiler: Total: 0.000ms
Application.AssetDatabase Initial Script Refresh End
Application.AssetDatabase.Refresh Start
Application.AssetDatabase.Refresh End
RefreshInfo: StopAssetImportingV2(ForceSynchronousImport) scanfilter: 
RefreshProfiler: Total: 0.000ms
Launching external process: /Applications/Unity/Unity.app/Contents/Tools/UnityShaderCompiler
Launched and connected shader compiler UnityShaderCompiler after 0.02 seconds
Initializing Unity extensions:
[C# Project] Writing /Users/shaikha/Desktop/Games and Play/Unity Projects/m2-2d-adventure-game/m2-2d-adventure-game.sln because it has changed
[C# Project] First difference on line 4

[C# Project] Current /Users/shaikha/Desktop/Games and Play/Unity Projects/m2-2d-adventure-game/m2-2d-adventure-game.sln:
[C# Project]   004: Project("{FAE04EC0-301F-11D3-BF4B-00C04F79EFBC}") = "Assembly-CSharp", "Assembly-CSharp.csproj", "{4653212C-48C7-8232-0C57-35DE564506FB}"
[C# Project]   005: EndProject
[C# Project]   006: Global
[C# Project]   007: 	GlobalSection(SolutionConfigurationPlatforms) = preSolution
[C# Project]   008: 		Debug|Any CPU = Debug|Any CPU

[C# Project] New /Users/shaikha/Desktop/Games and Play/Unity Projects/m2-2d-adventure-game/m2-2d-adventure-game.sln:
[C# Project]   004: Project("{FAE04EC0-301F-11D3-BF4B-00C04F79EFBC}") = "Unity.2D.PixelPerfect.Tests", "Unity.2D.PixelPerfect.Tests.csproj", "{D4E77A5F-803D-50F1-DA98-D24719351F04}"
[C# Project]   005: EndProject
[C# Project]   006: Project("{FAE04EC0-301F-11D3-BF4B-00C04F79EFBC}") = "UnityEngine.TestRunner", "UnityEngine.TestRunner.csproj", "{2BF27E8B-8093-24C8-C030-14509FCC9449}"
[C# Project]   007: EndProject
[C# Project]   008: Project("{FAE04EC0-301F-11D3-BF4B-00C04F79EFBC}") = "Unity.Mathematics", "Unity.Mathematics.csproj", "{48AE9DBB-0A9E-3F6E-81BC-338D29B29F1F}"
[C# Project] Writing /Users/shaikha/Desktop/Games and Play/Unity Projects/m2-2d-adventure-game/Assembly-CSharp.csproj because it has changed
[C# Project] First difference on line 50

[C# Project] Current /Users/shaikha/Desktop/Games and Play/Unity Projects/m2-2d-adventure-game/Assembly-CSharp.csproj:
[C# Project]   050:      <Compile Include="Assets\NewGame.cs" />
[C# Project]   051:      <Compile Include="Assets\ExitGame.cs" />
[C# Project]   052:      <Compile Include="Assets\GameplayManager.cs" />
[C# Project]   053:  <Reference Include="UnityEngine">
[C# Project]   054:  <HintPath>/Applications/Unity/Unity.app/Contents/Managed/UnityEngine/UnityEngine.dll</HintPath>

[C# Project] New /Users/shaikha/Desktop/Games and Play/Unity Projects/m2-2d-adventure-game/Assembly-CSharp.csproj:
[C# Project]   050:      <Compile Include="Assets\GameplayManager.cs" />
[C# Project]   051:      <Compile Include="Assets\NewGame.cs" />
[C# Project]   052:      <Compile Include="Assets\ExitGame.cs" />
[C# Project]   053:  <Reference Include="UnityEngine">
[C# Project]   054:  <HintPath>/Applications/Unity/Unity.app/Contents/Managed/UnityEngine/UnityEngine.dll</HintPath>
2023-04-02 22:08:23.294 Unity[1990:23761] NSEventModifierFlagFunction specified to -setKeyEquivalentModifierMask: for item <NSMenuItem: 0x7faa875e2800 Font Asset, ke='Command-F12'>, but is only supported for system-provided menu items; will not be used
2023-04-02 22:08:23.297 Unity[1990:23761] NSEventModifierFlagFunction specified to -setKeyEquivalentModifierMask: for item <NSMenuItem: 0x7faa87661dc0 Font Asset, ke='Command-F12'>, but is only supported for system-provided menu items; will not be used
========================================================================
Worker process is ready to serve import requests
Refreshing native plugins compatible for Editor in 0.27 ms, found 3 plugins.
Preloading 0 native plugins for Editor in 0.00 ms.
Unloading 2095 Unused Serialized files (Serialized files now loaded: 0)
System memory in use before: 194.1 MB.
System memory in use after: 193.3 MB.

Unloading 104 unused Assets to reduce memory usage. Loaded Objects now: 2572.
Total: 3.047875 ms (FindLiveObjects: 0.157208 ms CreateObjectMapping: 0.043792 ms MarkObjects: 2.393291 ms  DeleteObjects: 0.452625 ms)

AssetImportParameters requested are different than current active one (requested -> active):
  custom:video-decoder-ogg-theora: a1e56fd34408186e4bbccfd4996cb3dc -> 
  custom:container-muxer-webm: aa71ff27fc2769a1b78a27578f13a17b -> 
  custom:container-demuxer-webm: 4f35f7cbe854078d1ac9338744f61a02 -> 
  custom:container-demuxer-ogg: 62fdf1f143b41e24485cea50d1cbac27 -> 
  custom:video-encoder-webm-vp8: eb34c28f22e8b96e1ab97ce403110664 -> 
  custom:framework-osx-AVFoundation: e770b220cccbd017edd2c1fefb359320 -> 
  custom:video-decoder-webm-vp8: 9c59270c3fd7afecdb556c50c9e8de78 -> 
  custom:audio-decoder-ogg-vorbis: bf7c407c2cedff20999df2af8eb42d56 -> 
  custom:audio-encoder-webm-vorbis: bf7c407c2cedff20999df2af8eb42d56 -> 
========================================================================
Received Import Request.
  path: Assets/GameplayManager.cs
  artifactKey: Guid(bb911bd8303da406981c4005569b6fcd) Importer(815301076,1909f56bfc062723c751e8b465ee728b)
Start importing Assets/GameplayManager.cs using Guid(bb911bd8303da406981c4005569b6fcd) Importer(815301076,1909f56bfc062723c751e8b465ee728b)  -> (artifact id: 'b7032435c253e21c13a4db989eaec7fb') in 0.103005 seconds 
  Import took 0.106450 seconds .

========================================================================
Received Import Request.
  Time since last request: 34.053251 seconds.
  path: Assets/GameplayManager.cs
  artifactKey: Guid(bb911bd8303da406981c4005569b6fcd) Importer(815301076,1909f56bfc062723c751e8b465ee728b)
Start importing Assets/GameplayManager.cs using Guid(bb911bd8303da406981c4005569b6fcd) Importer(815301076,1909f56bfc062723c751e8b465ee728b)  -> (artifact id: '7ad5d93885e9fcddf139fd2e83826c05') in 0.002708 seconds 
  Import took 0.005934 seconds .

========================================================================
Received Import Request.
  Time since last request: 383.305144 seconds.
  path: Assets/StoryFiller.cs
  artifactKey: Guid(315db890d188548c5ae415755b0fc60e) Importer(815301076,1909f56bfc062723c751e8b465ee728b)
Start importing Assets/StoryFiller.cs using Guid(315db890d188548c5ae415755b0fc60e) Importer(815301076,1909f56bfc062723c751e8b465ee728b)  -> (artifact id: '788925c4945b404c5e71659626a46298') in 0.002498 seconds 
  Import took 0.005659 seconds .

========================================================================
Received Import Request.
  Time since last request: 25.360825 seconds.
  path: Assets/StoryFiller.cs
  artifactKey: Guid(315db890d188548c5ae415755b0fc60e) Importer(815301076,1909f56bfc062723c751e8b465ee728b)
Start importing Assets/StoryFiller.cs using Guid(315db890d188548c5ae415755b0fc60e) Importer(815301076,1909f56bfc062723c751e8b465ee728b)  -> (artifact id: 'e0a9c3ad9ecc6985b5f53bcb8b7e88de') in 0.001977 seconds 
  Import took 0.005097 seconds .

